[debug] [2023-12-29T08:09:02.089Z] ----------------------------------------------------------------------
[debug] [2023-12-29T08:09:02.093Z] Command:       C:\Program Files\nodejs\node.exe C:\Users\DEll\AppData\Roaming\npm\node_modules\firebase-tools\lib\bin\firebase.js init
[debug] [2023-12-29T08:09:02.095Z] CLI Version:   13.0.2
[debug] [2023-12-29T08:09:02.096Z] Platform:      win32
[debug] [2023-12-29T08:09:02.096Z] Node Version:  v18.18.0
[debug] [2023-12-29T08:09:02.098Z] Time:          Fri Dec 29 2023 13:09:02 GMT+0500 (Pakistan Standard Time)
[debug] [2023-12-29T08:09:02.098Z] ----------------------------------------------------------------------
[debug] 
[debug] [2023-12-29T08:09:02.112Z] > command requires scopes: ["email","openid","https://www.googleapis.com/auth/cloudplatformprojects.readonly","https://www.googleapis.com/auth/firebase","https://www.googleapis.com/auth/cloud-platform"]
[debug] [2023-12-29T08:09:02.113Z] > authorizing via signed-in user (lashari.m09@gmail.com)
[info] 
     ######## #### ########  ######## ########     ###     ######  ########
     ##        ##  ##     ## ##       ##     ##  ##   ##  ##       ##
     ######    ##  ########  ######   ########  #########  ######  ######
     ##        ##  ##    ##  ##       ##     ## ##     ##       ## ##
     ##       #### ##     ## ######## ########  ##     ##  ######  ########

You're about to initialize a Firebase project in this directory:

  C:\Users\DEll\Documents\PIMS\lab\LabReportsTailwind

[info] 
=== Project Setup
[info] 
[info] First, let's associate this project directory with a Firebase project.
[info] You can create multiple project aliases by running firebase use --add, 
[info] but for now we'll just set up a default project.
[info] 
[debug] [2023-12-29T08:09:09.391Z] >>> [apiv2][query] GET https://firebase.googleapis.com/v1beta1/projects pageSize=100
[debug] [2023-12-29T08:09:10.272Z] <<< [apiv2][status] GET https://firebase.googleapis.com/v1beta1/projects 200
[debug] [2023-12-29T08:09:10.273Z] <<< [apiv2][body] GET https://firebase.googleapis.com/v1beta1/projects [omitted]
[info] i  Using project labreports-46f0c (LabReports) 
[info] 
=== Hosting Setup
[debug] [2023-12-29T08:09:11.359Z] >>> [apiv2][query] GET https://firebase.googleapis.com/v1beta1/projects/labreports-46f0c [none]
[debug] [2023-12-29T08:09:11.993Z] <<< [apiv2][status] GET https://firebase.googleapis.com/v1beta1/projects/labreports-46f0c 200
[debug] [2023-12-29T08:09:11.993Z] <<< [apiv2][body] GET https://firebase.googleapis.com/v1beta1/projects/labreports-46f0c {"projectId":"labreports-46f0c","projectNumber":"1032441156301","displayName":"LabReports","name":"projects/labreports-46f0c","resources":{"hostingSite":"labreports-46f0c"},"state":"ACTIVE","etag":"1_f33c2c17-79e5-4ded-8272-52213c0b4612"}
[info] 
[info] Your public directory is the folder (relative to your project directory) that
[info] will contain Hosting assets to be uploaded with firebase deploy. If you
[info] have a build process for your assets, use your build's output directory.
[info] 
[info] +  Wrote public/404.html 
[debug] [2023-12-29T08:09:37.050Z] >>> [apiv2][query] GET https://www.gstatic.com/firebasejs/releases.json [none]
[debug] [2023-12-29T08:09:37.941Z] <<< [apiv2][status] GET https://www.gstatic.com/firebasejs/releases.json 200
[debug] [2023-12-29T08:09:37.941Z] <<< [apiv2][body] GET https://www.gstatic.com/firebasejs/releases.json {"current":{"version":"10.7.1","browserURL":"https://www.gstatic.com/firebasejs/10.7.1/firebase.js","packageURL":"https://www.gstatic.com/firebasejs/10.7.1/firebase.tgz"},"live":{"version":"10.7","browserURL":"https://www.gstatic.com/firebasejs/live/10.7/firebase.js","packageURL":"https://www.gstatic.com/firebasejs/live/10.7/firebase.tgz"},"components":{"analytics":"https://www.gstatic.com/firebasejs/10.7.1/firebase-analytics.js","app":"https://www.gstatic.com/firebasejs/10.7.1/firebase-app.js","app-check":"https://www.gstatic.com/firebasejs/10.7.1/firebase-app-check.js","auth":"https://www.gstatic.com/firebasejs/10.7.1/firebase-auth.js","auth/cordova":"https://www.gstatic.com/firebasejs/10.7.1/firebase-auth/cordova.js","functions":"https://www.gstatic.com/firebasejs/10.7.1/firebase-functions.js","firestore":"https://www.gstatic.com/firebasejs/10.7.1/firebase-firestore.js","firestore/lite":"https://www.gstatic.com/firebasejs/10.7.1/firebase-firestore/lite.js","installations":"https://www.gstatic.com/firebasejs/10.7.1/firebase-installations.js","storage":"https://www.gstatic.com/firebasejs/10.7.1/firebase-storage.js","performance":"https://www.gstatic.com/firebasejs/10.7.1/firebase-performance.js","remote-config":"https://www.gstatic.com/firebasejs/10.7.1/firebase-remote-config.js","messaging":"https://www.gstatic.com/firebasejs/10.7.1/firebase-messaging.js","messaging/sw":"https://www.gstatic.com/firebasejs/10.7.1/firebase-messaging/sw.js","database":"https://www.gstatic.com/firebasejs/10.7.1/firebase-database.js","firestore.memory":"https://www.gstatic.com/firebasejs/10.7.1/firebase-firestore.memory.js"}}
[info] i  Skipping write of public/index.html 
[info] 
[info] i  Writing configuration info to firebase.json... 
[info] i  Writing project information to .firebaserc... 
[info] i  Writing gitignore file to .gitignore... 
[info] 
[info] +  Firebase initialization complete! 
[debug] [2024-01-02T08:18:00.160Z] ----------------------------------------------------------------------
[debug] [2024-01-02T08:18:00.162Z] Command:       C:\Program Files\nodejs\node.exe C:\Users\DEll\AppData\Roaming\npm\node_modules\firebase-tools\lib\bin\firebase.js init
[debug] [2024-01-02T08:18:00.163Z] CLI Version:   13.0.2
[debug] [2024-01-02T08:18:00.164Z] Platform:      win32
[debug] [2024-01-02T08:18:00.164Z] Node Version:  v18.18.0
[debug] [2024-01-02T08:18:00.173Z] Time:          Tue Jan 02 2024 13:18:00 GMT+0500 (Pakistan Standard Time)
[debug] [2024-01-02T08:18:00.173Z] ----------------------------------------------------------------------
[debug] 
[debug] [2024-01-02T08:18:00.178Z] >>> [apiv2][query] GET https://firebase-public.firebaseio.com/cli.json [none]
[debug] [2024-01-02T08:18:00.249Z] > command requires scopes: ["email","openid","https://www.googleapis.com/auth/cloudplatformprojects.readonly","https://www.googleapis.com/auth/firebase","https://www.googleapis.com/auth/cloud-platform"]
[debug] [2024-01-02T08:18:00.250Z] > authorizing via signed-in user (lashari.m09@gmail.com)
[info] 
     ######## #### ########  ######## ########     ###     ######  ########
     ##        ##  ##     ## ##       ##     ##  ##   ##  ##       ##
     ######    ##  ########  ######   ########  #########  ######  ######
     ##        ##  ##    ##  ##       ##     ## ##     ##       ## ##
     ##       #### ##     ## ######## ########  ##     ##  ######  ########

You're about to initialize a Firebase project in this directory:

  C:\Users\DEll\Documents\PIMS\lab\backup

[debug] [2024-01-02T08:18:01.078Z] <<< [apiv2][status] GET https://firebase-public.firebaseio.com/cli.json 200
[debug] [2024-01-02T08:18:01.078Z] <<< [apiv2][body] GET https://firebase-public.firebaseio.com/cli.json {"cloudBuildErrorAfter":1594252800000,"cloudBuildWarnAfter":1590019200000,"defaultNode10After":1594252800000,"minVersion":"3.0.5","node8DeploysDisabledAfter":1613390400000,"node8RuntimeDisabledAfter":1615809600000,"node8WarnAfter":1600128000000}
[info] 
=== Project Setup
[info] 
[info] First, let's associate this project directory with a Firebase project.
[info] You can create multiple project aliases by running firebase use --add, 
[info] but for now we'll just set up a default project.
[info] 
[debug] [2024-01-02T08:18:07.991Z] > refreshing access token with scopes: []
[debug] [2024-01-02T08:18:07.995Z] >>> [apiv2][query] POST https://www.googleapis.com/oauth2/v3/token [none]
[debug] [2024-01-02T08:18:07.995Z] >>> [apiv2][body] POST https://www.googleapis.com/oauth2/v3/token [omitted]
[debug] [2024-01-02T08:18:08.520Z] <<< [apiv2][status] POST https://www.googleapis.com/oauth2/v3/token 200
[debug] [2024-01-02T08:18:08.520Z] <<< [apiv2][body] POST https://www.googleapis.com/oauth2/v3/token [omitted]
[debug] [2024-01-02T08:18:08.532Z] >>> [apiv2][query] GET https://firebase.googleapis.com/v1beta1/projects pageSize=100
[debug] [2024-01-02T08:18:09.324Z] <<< [apiv2][status] GET https://firebase.googleapis.com/v1beta1/projects 200
[debug] [2024-01-02T08:18:09.324Z] <<< [apiv2][body] GET https://firebase.googleapis.com/v1beta1/projects [omitted]
[info] i  Using project labreports-46f0c (LabReports) 
[info] 
=== Hosting Setup
[debug] [2024-01-02T08:18:12.273Z] >>> [apiv2][query] GET https://firebase.googleapis.com/v1beta1/projects/labreports-46f0c [none]
[debug] [2024-01-02T08:18:12.959Z] <<< [apiv2][status] GET https://firebase.googleapis.com/v1beta1/projects/labreports-46f0c 200
[debug] [2024-01-02T08:18:12.959Z] <<< [apiv2][body] GET https://firebase.googleapis.com/v1beta1/projects/labreports-46f0c {"projectId":"labreports-46f0c","projectNumber":"1032441156301","displayName":"LabReports","name":"projects/labreports-46f0c","resources":{"hostingSite":"labreports-46f0c"},"state":"ACTIVE","etag":"1_f33c2c17-79e5-4ded-8272-52213c0b4612"}
[info] 
[info] Your public directory is the folder (relative to your project directory) that
[info] will contain Hosting assets to be uploaded with firebase deploy. If you
[info] have a build process for your assets, use your build's output directory.
[info] 
